# JRE version: Java(TM) SE Runtime Environment (8.0_161-b12) (build 1.8.0_161-b12)
# Java VM: Java HotSpot(TM) 64-Bit Server VM (25.161-b12 mixed mode windows-amd64 compressed oops)
Heap:
 PSYoungGen      total 214528K, used 119564K [0x000000076b500000, 0x000000077a400000, 0x00000007c0000000)
  eden space 206336K, 54% used [0x000000076b500000,0x000000077220b390,0x0000000777e80000)
  from space 8192K, 96% used [0x0000000779c00000,0x000000077a3b8000,0x000000077a400000)
  to   space 14848K, 0% used [0x0000000778700000,0x0000000778700000,0x0000000779580000)
 ParOldGen       total 444928K, used 352450K [0x00000006c1e00000, 0x00000006dd080000, 0x000000076b500000)
  object space 444928K, 79% used [0x00000006c1e00000,0x00000006d76308d0,0x00000006dd080000)
 Metaspace       used 27655K, capacity 28034K, committed 28288K, reserved 1073152K
  class space    used 3809K, capacity 3927K, committed 3968K, reserved 1048576K
GC Heap History (10 events):
Event: 18872.960 GC heap before
{Heap before GC invocations=45553 (full 57):
 PSYoungGen      total 251904K, used 251648K [0x000000076b500000, 0x000000077c580000, 0x00000007c0000000)
  eden space 243712K, 100% used [0x000000076b500000,0x000000077a300000,0x000000077a300000)
  from space 8192K, 96% used [0x000000077ab80000,0x000000077b340000,0x000000077b380000)
  to   space 16384K, 0% used [0x000000077b580000,0x000000077b580000,0x000000077c580000)
 ParOldGen       total 444928K, used 352274K [0x00000006c1e00000, 0x00000006dd080000, 0x000000076b500000)
  object space 444928K, 79% used [0x00000006c1e00000,0x00000006d76048d0,0x00000006dd080000)
 Metaspace       used 27655K, capacity 28034K, committed 28288K, reserved 1073152K
  class space    used 3809K, capacity 3927K, committed 3968K, reserved 1048576K
Event: 18872.962 GC heap after
Heap after GC invocations=45553 (full 57):
 PSYoungGen      total 242688K, used 6848K [0x000000076b500000, 0x000000077bc80000, 0x00000007c0000000)
  eden space 235520K, 0% used [0x000000076b500000,0x000000076b500000,0x0000000779b00000)
  from space 7168K, 95% used [0x000000077b580000,0x000000077bc30000,0x000000077bc80000)
  to   space 15872K, 0% used [0x0000000779d80000,0x0000000779d80000,0x000000077ad00000)
 ParOldGen       total 444928K, used 352330K [0x00000006c1e00000, 0x00000006dd080000, 0x000000076b500000)
  object space 444928K, 79% used [0x00000006c1e00000,0x00000006d76128d0,0x00000006dd080000)
 Metaspace       used 27655K, capacity 28034K, committed 28288K, reserved 1073152K
  class space    used 3809K, capacity 3927K, committed 3968K, reserved 1048576K
}
Event: 18873.279 GC heap before
{Heap before GC invocations=45554 (full 57):
 PSYoungGen      total 242688K, used 242368K [0x000000076b500000, 0x000000077bc80000, 0x00000007c0000000)
  eden space 235520K, 100% used [0x000000076b500000,0x0000000779b00000,0x0000000779b00000)
  from space 7168K, 95% used [0x000000077b580000,0x000000077bc30000,0x000000077bc80000)
  to   space 15872K, 0% used [0x0000000779d80000,0x0000000779d80000,0x000000077ad00000)
 ParOldGen       total 444928K, used 352330K [0x00000006c1e00000, 0x00000006dd080000, 0x000000076b500000)
  object space 444928K, 79% used [0x00000006c1e00000,0x00000006d76128d0,0x00000006dd080000)
 Metaspace       used 27655K, capacity 28034K, committed 28288K, reserved 1073152K
  class space    used 3809K, capacity 3927K, committed 3968K, reserved 1048576K
Event: 18873.282 GC heap after
Heap after GC invocations=45554 (full 57):
 PSYoungGen      total 241664K, used 13344K [0x000000076b500000, 0x000000077b600000, 0x00000007c0000000)
  eden space 227840K, 0% used [0x000000076b500000,0x000000076b500000,0x0000000779380000)
  from space 13824K, 96% used [0x0000000779d80000,0x000000077aa88000,0x000000077ab00000)
  to   space 11264K, 0% used [0x000000077ab00000,0x000000077ab00000,0x000000077b600000)
 ParOldGen       total 444928K, used 352346K [0x00000006c1e00000, 0x00000006dd080000, 0x000000076b500000)
  object space 444928K, 79% used [0x00000006c1e00000,0x00000006d76168d0,0x00000006dd080000)
 Metaspace       used 27655K, capacity 28034K, committed 28288K, reserved 1073152K
  class space    used 3809K, capacity 3927K, committed 3968K, reserved 1048576K
}
Event: 18873.610 GC heap before
{Heap before GC invocations=45555 (full 57):
 PSYoungGen      total 241664K, used 241184K [0x000000076b500000, 0x000000077b600000, 0x00000007c0000000)
  eden space 227840K, 100% used [0x000000076b500000,0x0000000779380000,0x0000000779380000)
  from space 13824K, 96% used [0x0000000779d80000,0x000000077aa88000,0x000000077ab00000)
  to   space 11264K, 0% used [0x000000077ab00000,0x000000077ab00000,0x000000077b600000)
 ParOldGen       total 444928K, used 352346K [0x00000006c1e00000, 0x00000006dd080000, 0x000000076b500000)
  object space 444928K, 79% used [0x00000006c1e00000,0x00000006d76168d0,0x00000006dd080000)
 Metaspace       used 27655K, capacity 28034K, committed 28288K, reserved 1073152K
  class space    used 3809K, capacity 3927K, committed 3968K, reserved 1048576K
Event: 18873.612 GC heap after
Heap after GC invocations=45555 (full 57):
 PSYoungGen      total 228352K, used 7904K [0x000000076b500000, 0x000000077b300000, 0x00000007c0000000)
  eden space 220160K, 0% used [0x000000076b500000,0x000000076b500000,0x0000000778c00000)
  from space 8192K, 96% used [0x000000077ab00000,0x000000077b2b8000,0x000000077b300000)
  to   space 16384K, 0% used [0x0000000779300000,0x0000000779300000,0x000000077a300000)
 ParOldGen       total 444928K, used 352378K [0x00000006c1e00000, 0x00000006dd080000, 0x000000076b500000)
  object space 444928K, 79% used [0x00000006c1e00000,0x00000006d761e8d0,0x00000006dd080000)
 Metaspace       used 27655K, capacity 28034K, committed 28288K, reserved 1073152K
  class space    used 3809K, capacity 3927K, committed 3968K, reserved 1048576K
}
Event: 18873.934 GC heap before
{Heap before GC invocations=45556 (full 57):
 PSYoungGen      total 228352K, used 228064K [0x000000076b500000, 0x000000077b300000, 0x00000007c0000000)
  eden space 220160K, 100% used [0x000000076b500000,0x0000000778c00000,0x0000000778c00000)
  from space 8192K, 96% used [0x000000077ab00000,0x000000077b2b8000,0x000000077b300000)
  to   space 16384K, 0% used [0x0000000779300000,0x0000000779300000,0x000000077a300000)
 ParOldGen       total 444928K, used 352378K [0x00000006c1e00000, 0x00000006dd080000, 0x000000076b500000)
  object space 444928K, 79% used [0x00000006c1e00000,0x00000006d761e8d0,0x00000006dd080000)
 Metaspace       used 27655K, capacity 28034K, committed 28288K, reserved 1073152K
  class space    used 3809K, capacity 3927K, committed 3968K, reserved 1048576K
Event: 18873.936 GC heap after
Heap after GC invocations=45556 (full 57):
 PSYoungGen      total 221184K, used 7904K [0x000000076b500000, 0x000000077ab80000, 0x00000007c0000000)
  eden space 212992K, 0% used [0x000000076b500000,0x000000076b500000,0x0000000778500000)
  from space 8192K, 96% used [0x0000000779300000,0x0000000779ab8000,0x0000000779b00000)
  to   space 15872K, 0% used [0x0000000779c00000,0x0000000779c00000,0x000000077ab80000)
 ParOldGen       total 444928K, used 352418K [0x00000006c1e00000, 0x00000006dd080000, 0x000000076b500000)
  object space 444928K, 79% used [0x00000006c1e00000,0x00000006d76288d0,0x00000006dd080000)
 Metaspace       used 27655K, capacity 28034K, committed 28288K, reserved 1073152K
  class space    used 3809K, capacity 3927K, committed 3968K, reserved 1048576K
}
Event: 18874.248 GC heap before
{Heap before GC invocations=45557 (full 57):
 PSYoungGen      total 221184K, used 220896K [0x000000076b500000, 0x000000077ab80000, 0x00000007c0000000)
  eden space 212992K, 100% used [0x000000076b500000,0x0000000778500000,0x0000000778500000)
  from space 8192K, 96% used [0x0000000779300000,0x0000000779ab8000,0x0000000779b00000)
  to   space 15872K, 0% used [0x0000000779c00000,0x0000000779c00000,0x000000077ab80000)
 ParOldGen       total 444928K, used 352418K [0x00000006c1e00000, 0x00000006dd080000, 0x000000076b500000)
  object space 444928K, 79% used [0x00000006c1e00000,0x00000006d76288d0,0x00000006dd080000)
 Metaspace       used 27655K, capacity 28034K, committed 28288K, reserved 1073152K
  class space    used 3809K, capacity 3927K, committed 3968K, reserved 1048576K
Event: 18874.250 GC heap after
Heap after GC invocations=45557 (full 57):
 PSYoungGen      total 214528K, used 7904K [0x000000076b500000, 0x000000077a400000, 0x00000007c0000000)
  eden space 206336K, 0% used [0x000000076b500000,0x000000076b500000,0x0000000777e80000)
  from space 8192K, 96% used [0x0000000779c00000,0x000000077a3b8000,0x000000077a400000)
  to   space 14848K, 0% used [0x0000000778700000,0x0000000778700000,0x0000000779580000)
 ParOldGen       total 444928K, used 352450K [0x00000006c1e00000, 0x00000006dd080000, 0x000000076b500000)
  object space 444928K, 79% used [0x00000006c1e00000,0x00000006d76308d0,0x00000006dd080000)
 Metaspace       used 27655K, capacity 28034K, committed 28288K, reserved 1073152K
  class space    used 3809K, capacity 3927K, committed 3968K, reserved 1048576K
}

