# JRE version: Java(TM) SE Runtime Environment (8.0_161-b12) (build 1.8.0_161-b12)
# Java VM: Java HotSpot(TM) 64-Bit Server VM (25.161-b12 mixed mode windows-amd64 compressed oops)
Heap:
 PSYoungGen      total 160768K, used 1232K [0x000000076b500000, 0x0000000776900000, 0x00000007c0000000)
  eden space 152576K, 0% used [0x000000076b500000,0x000000076b634018,0x0000000774a00000)
  from space 8192K, 0% used [0x0000000774e00000,0x0000000774e00000,0x0000000775600000)
  to   space 15872K, 0% used [0x0000000775980000,0x0000000775980000,0x0000000776900000)
 ParOldGen       total 535040K, used 329069K [0x00000006c1e00000, 0x00000006e2880000, 0x000000076b500000)
  object space 535040K, 61% used [0x00000006c1e00000,0x00000006d5f5b408,0x00000006e2880000)
 Metaspace       used 46703K, capacity 47118K, committed 47616K, reserved 1091584K
  class space    used 5347K, capacity 5446K, committed 5504K, reserved 1048576K
GC Heap History (10 events):
Event: 7338.825 GC heap before
{Heap before GC invocations=6944 (full 2):
 PSYoungGen      total 174080K, used 163456K [0x000000076b500000, 0x0000000777380000, 0x00000007c0000000)
  eden space 155648K, 100% used [0x000000076b500000,0x0000000774d00000,0x0000000774d00000)
  from space 18432K, 42% used [0x0000000774d00000,0x00000007754a0000,0x0000000775f00000)
  to   space 17408K, 0% used [0x0000000776280000,0x0000000776280000,0x0000000777380000)
 ParOldGen       total 453632K, used 431385K [0x00000006c1e00000, 0x00000006dd900000, 0x000000076b500000)
  object space 453632K, 95% used [0x00000006c1e00000,0x00000006dc3465c8,0x00000006dd900000)
 Metaspace       used 42178K, capacity 42634K, committed 43136K, reserved 1087488K
  class space    used 4783K, capacity 4910K, committed 4992K, reserved 1048576K
Event: 7338.832 GC heap after
Heap after GC invocations=6944 (full 2):
 PSYoungGen      total 177664K, used 10336K [0x000000076b500000, 0x0000000777400000, 0x00000007c0000000)
  eden space 160256K, 0% used [0x000000076b500000,0x000000076b500000,0x0000000775180000)
  from space 17408K, 59% used [0x0000000776280000,0x0000000776c98000,0x0000000777380000)
  to   space 17408K, 0% used [0x0000000775180000,0x0000000775180000,0x0000000776280000)
 ParOldGen       total 453632K, used 431385K [0x00000006c1e00000, 0x00000006dd900000, 0x000000076b500000)
  object space 453632K, 95% used [0x00000006c1e00000,0x00000006dc3465c8,0x00000006dd900000)
 Metaspace       used 42178K, capacity 42634K, committed 43136K, reserved 1087488K
  class space    used 4783K, capacity 4910K, committed 4992K, reserved 1048576K
}
Event: 7339.551 GC heap before
{Heap before GC invocations=6945 (full 2):
 PSYoungGen      total 177664K, used 170592K [0x000000076b500000, 0x0000000777400000, 0x00000007c0000000)
  eden space 160256K, 100% used [0x000000076b500000,0x0000000775180000,0x0000000775180000)
  from space 17408K, 59% used [0x0000000776280000,0x0000000776c98000,0x0000000777380000)
  to   space 17408K, 0% used [0x0000000775180000,0x0000000775180000,0x0000000776280000)
 ParOldGen       total 453632K, used 431385K [0x00000006c1e00000, 0x00000006dd900000, 0x000000076b500000)
  object space 453632K, 95% used [0x00000006c1e00000,0x00000006dc3465c8,0x00000006dd900000)
 Metaspace       used 42178K, capacity 42634K, committed 43136K, reserved 1087488K
  class space    used 4783K, capacity 4910K, committed 4992K, reserved 1048576K
Event: 7339.554 GC heap after
Heap after GC invocations=6945 (full 2):
 PSYoungGen      total 159744K, used 3488K [0x000000076b500000, 0x0000000776f80000, 0x00000007c0000000)
  eden space 156160K, 0% used [0x000000076b500000,0x000000076b500000,0x0000000774d80000)
  from space 3584K, 97% used [0x0000000775180000,0x00000007754e8000,0x0000000775500000)
  to   space 17408K, 0% used [0x0000000775e80000,0x0000000775e80000,0x0000000776f80000)
 ParOldGen       total 453632K, used 431385K [0x00000006c1e00000, 0x00000006dd900000, 0x000000076b500000)
  object space 453632K, 95% used [0x00000006c1e00000,0x00000006dc3465c8,0x00000006dd900000)
 Metaspace       used 42178K, capacity 42634K, committed 43136K, reserved 1087488K
  class space    used 4783K, capacity 4910K, committed 4992K, reserved 1048576K
}
Event: 7340.102 GC heap before
{Heap before GC invocations=6946 (full 2):
 PSYoungGen      total 159744K, used 159648K [0x000000076b500000, 0x0000000776f80000, 0x00000007c0000000)
  eden space 156160K, 100% used [0x000000076b500000,0x0000000774d80000,0x0000000774d80000)
  from space 3584K, 97% used [0x0000000775180000,0x00000007754e8000,0x0000000775500000)
  to   space 17408K, 0% used [0x0000000775e80000,0x0000000775e80000,0x0000000776f80000)
 ParOldGen       total 453632K, used 431385K [0x00000006c1e00000, 0x00000006dd900000, 0x000000076b500000)
  object space 453632K, 95% used [0x00000006c1e00000,0x00000006dc3465c8,0x00000006dd900000)
 Metaspace       used 42236K, capacity 42698K, committed 43136K, reserved 1087488K
  class space    used 4787K, capacity 4910K, committed 4992K, reserved 1048576K
Event: 7340.108 GC heap after
Heap after GC invocations=6946 (full 2):
 PSYoungGen      total 174080K, used 8832K [0x000000076b500000, 0x0000000777300000, 0x00000007c0000000)
  eden space 156672K, 0% used [0x000000076b500000,0x000000076b500000,0x0000000774e00000)
  from space 17408K, 50% used [0x0000000775e80000,0x0000000776720000,0x0000000776f80000)
  to   space 16896K, 0% used [0x0000000774e00000,0x0000000774e00000,0x0000000775e80000)
 ParOldGen       total 453632K, used 431385K [0x00000006c1e00000, 0x00000006dd900000, 0x000000076b500000)
  object space 453632K, 95% used [0x00000006c1e00000,0x00000006dc3465c8,0x00000006dd900000)
 Metaspace       used 42236K, capacity 42698K, committed 43136K, reserved 1087488K
  class space    used 4787K, capacity 4910K, committed 4992K, reserved 1048576K
}
Event: 7393.991 GC heap before
{Heap before GC invocations=6947 (full 2):
 PSYoungGen      total 174080K, used 145598K [0x000000076b500000, 0x0000000777300000, 0x00000007c0000000)
  eden space 156672K, 87% used [0x000000076b500000,0x0000000773a8fa10,0x0000000774e00000)
  from space 17408K, 50% used [0x0000000775e80000,0x0000000776720000,0x0000000776f80000)
  to   space 16896K, 0% used [0x0000000774e00000,0x0000000774e00000,0x0000000775e80000)
 ParOldGen       total 453632K, used 431385K [0x00000006c1e00000, 0x00000006dd900000, 0x000000076b500000)
  object space 453632K, 95% used [0x00000006c1e00000,0x00000006dc3465c8,0x00000006dd900000)
 Metaspace       used 46664K, capacity 47050K, committed 47360K, reserved 1091584K
  class space    used 5317K, capacity 5422K, committed 5504K, reserved 1048576K
Event: 7393.997 GC heap after
Heap after GC invocations=6947 (full 2):
 PSYoungGen      total 160768K, used 8032K [0x000000076b500000, 0x0000000776900000, 0x00000007c0000000)
  eden space 152576K, 0% used [0x000000076b500000,0x000000076b500000,0x0000000774a00000)
  from space 8192K, 98% used [0x0000000774e00000,0x00000007755d8000,0x0000000775600000)
  to   space 15872K, 0% used [0x0000000775980000,0x0000000775980000,0x0000000776900000)
 ParOldGen       total 453632K, used 431385K [0x00000006c1e00000, 0x00000006dd900000, 0x000000076b500000)
  object space 453632K, 95% used [0x00000006c1e00000,0x00000006dc3465c8,0x00000006dd900000)
 Metaspace       used 46664K, capacity 47050K, committed 47360K, reserved 1091584K
  class space    used 5317K, capacity 5422K, committed 5504K, reserved 1048576K
}
Event: 7393.997 GC heap before
{Heap before GC invocations=6948 (full 3):
 PSYoungGen      total 160768K, used 8032K [0x000000076b500000, 0x0000000776900000, 0x00000007c0000000)
  eden space 152576K, 0% used [0x000000076b500000,0x000000076b500000,0x0000000774a00000)
  from space 8192K, 98% used [0x0000000774e00000,0x00000007755d8000,0x0000000775600000)
  to   space 15872K, 0% used [0x0000000775980000,0x0000000775980000,0x0000000776900000)
 ParOldGen       total 453632K, used 431385K [0x00000006c1e00000, 0x00000006dd900000, 0x000000076b500000)
  object space 453632K, 95% used [0x00000006c1e00000,0x00000006dc3465c8,0x00000006dd900000)
 Metaspace       used 46664K, capacity 47050K, committed 47360K, reserved 1091584K
  class space    used 5317K, capacity 5422K, committed 5504K, reserved 1048576K
Event: 7394.368 GC heap after
Heap after GC invocations=6948 (full 3):
 PSYoungGen      total 160768K, used 0K [0x000000076b500000, 0x0000000776900000, 0x00000007c0000000)
  eden space 152576K, 0% used [0x000000076b500000,0x000000076b500000,0x0000000774a00000)
  from space 8192K, 0% used [0x0000000774e00000,0x0000000774e00000,0x0000000775600000)
  to   space 15872K, 0% used [0x0000000775980000,0x0000000775980000,0x0000000776900000)
 ParOldGen       total 535040K, used 329069K [0x00000006c1e00000, 0x00000006e2880000, 0x000000076b500000)
  object space 535040K, 61% used [0x00000006c1e00000,0x00000006d5f5b408,0x00000006e2880000)
 Metaspace       used 46646K, capacity 47022K, committed 47360K, reserved 1091584K
  class space    used 5313K, capacity 5414K, committed 5504K, reserved 1048576K
}

