# JRE version: Java(TM) SE Runtime Environment (8.0_161-b12) (build 1.8.0_161-b12)
# Java VM: Java HotSpot(TM) 64-Bit Server VM (25.161-b12 mixed mode windows-amd64 compressed oops)
Heap:
 PSYoungGen      total 1369600K, used 794323K [0x000000076b500000, 0x00000007bff80000, 0x00000007c0000000)
  eden space 1352704K, 58% used [0x000000076b500000,0x000000079b514c18,0x00000007bde00000)
  from space 16896K, 46% used [0x00000007bde00000,0x00000007be5a0000,0x00000007bee80000)
  to   space 16384K, 0% used [0x00000007bef80000,0x00000007bef80000,0x00000007bff80000)
 ParOldGen       total 549888K, used 389152K [0x00000006c1e00000, 0x00000006e3700000, 0x000000076b500000)
  object space 549888K, 70% used [0x00000006c1e00000,0x00000006d9a08368,0x00000006e3700000)
 Metaspace       used 29446K, capacity 29876K, committed 29952K, reserved 1075200K
  class space    used 3946K, capacity 4092K, committed 4096K, reserved 1048576K
GC Heap History (10 events):
Event: 2604.536 GC heap before
{Heap before GC invocations=934 (full 3):
 PSYoungGen      total 1368064K, used 1367552K [0x000000076b500000, 0x00000007c0000000, 0x00000007c0000000)
  eden space 1352704K, 100% used [0x000000076b500000,0x00000007bde00000,0x00000007bde00000)
  from space 15360K, 96% used [0x00000007bf100000,0x00000007bff80000,0x00000007c0000000)
  to   space 17408K, 0% used [0x00000007bde00000,0x00000007bde00000,0x00000007bef00000)
 ParOldGen       total 549888K, used 389152K [0x00000006c1e00000, 0x00000006e3700000, 0x000000076b500000)
  object space 549888K, 70% used [0x00000006c1e00000,0x00000006d9a08368,0x00000006e3700000)
 Metaspace       used 29446K, capacity 29876K, committed 29952K, reserved 1075200K
  class space    used 3946K, capacity 4092K, committed 4096K, reserved 1048576K
Event: 2604.539 GC heap after
Heap after GC invocations=934 (full 3):
 PSYoungGen      total 1370112K, used 6272K [0x000000076b500000, 0x00000007c0000000, 0x00000007c0000000)
  eden space 1352704K, 0% used [0x000000076b500000,0x000000076b500000,0x00000007bde00000)
  from space 17408K, 36% used [0x00000007bde00000,0x00000007be420000,0x00000007bef00000)
  to   space 16896K, 0% used [0x00000007bef80000,0x00000007bef80000,0x00000007c0000000)
 ParOldGen       total 549888K, used 389152K [0x00000006c1e00000, 0x00000006e3700000, 0x000000076b500000)
  object space 549888K, 70% used [0x00000006c1e00000,0x00000006d9a08368,0x00000006e3700000)
 Metaspace       used 29446K, capacity 29876K, committed 29952K, reserved 1075200K
  class space    used 3946K, capacity 4092K, committed 4096K, reserved 1048576K
}
Event: 2607.834 GC heap before
{Heap before GC invocations=935 (full 3):
 PSYoungGen      total 1370112K, used 1358976K [0x000000076b500000, 0x00000007c0000000, 0x00000007c0000000)
  eden space 1352704K, 100% used [0x000000076b500000,0x00000007bde00000,0x00000007bde00000)
  from space 17408K, 36% used [0x00000007bde00000,0x00000007be420000,0x00000007bef00000)
  to   space 16896K, 0% used [0x00000007bef80000,0x00000007bef80000,0x00000007c0000000)
 ParOldGen       total 549888K, used 389152K [0x00000006c1e00000, 0x00000006e3700000, 0x000000076b500000)
  object space 549888K, 70% used [0x00000006c1e00000,0x00000006d9a08368,0x00000006e3700000)
 Metaspace       used 29446K, capacity 29876K, committed 29952K, reserved 1075200K
  class space    used 3946K, capacity 4092K, committed 4096K, reserved 1048576K
Event: 2607.837 GC heap after
Heap after GC invocations=935 (full 3):
 PSYoungGen      total 1369600K, used 11616K [0x000000076b500000, 0x00000007c0000000, 0x00000007c0000000)
  eden space 1352704K, 0% used [0x000000076b500000,0x000000076b500000,0x00000007bde00000)
  from space 16896K, 68% used [0x00000007bef80000,0x00000007bfad8000,0x00000007c0000000)
  to   space 17408K, 0% used [0x00000007bde00000,0x00000007bde00000,0x00000007bef00000)
 ParOldGen       total 549888K, used 389152K [0x00000006c1e00000, 0x00000006e3700000, 0x000000076b500000)
  object space 549888K, 70% used [0x00000006c1e00000,0x00000006d9a08368,0x00000006e3700000)
 Metaspace       used 29446K, capacity 29876K, committed 29952K, reserved 1075200K
  class space    used 3946K, capacity 4092K, committed 4096K, reserved 1048576K
}
Event: 2611.139 GC heap before
{Heap before GC invocations=936 (full 3):
 PSYoungGen      total 1369600K, used 1364320K [0x000000076b500000, 0x00000007c0000000, 0x00000007c0000000)
  eden space 1352704K, 100% used [0x000000076b500000,0x00000007bde00000,0x00000007bde00000)
  from space 16896K, 68% used [0x00000007bef80000,0x00000007bfad8000,0x00000007c0000000)
  to   space 17408K, 0% used [0x00000007bde00000,0x00000007bde00000,0x00000007bef00000)
 ParOldGen       total 549888K, used 389152K [0x00000006c1e00000, 0x00000006e3700000, 0x000000076b500000)
  object space 549888K, 70% used [0x00000006c1e00000,0x00000006d9a08368,0x00000006e3700000)
 Metaspace       used 29446K, capacity 29876K, committed 29952K, reserved 1075200K
  class space    used 3946K, capacity 4092K, committed 4096K, reserved 1048576K
Event: 2611.143 GC heap after
Heap after GC invocations=936 (full 3):
 PSYoungGen      total 1360896K, used 7840K [0x000000076b500000, 0x00000007bfe80000, 0x00000007c0000000)
  eden space 1352704K, 0% used [0x000000076b500000,0x000000076b500000,0x00000007bde00000)
  from space 8192K, 95% used [0x00000007bde00000,0x00000007be5a8000,0x00000007be600000)
  to   space 16384K, 0% used [0x00000007bee80000,0x00000007bee80000,0x00000007bfe80000)
 ParOldGen       total 549888K, used 389152K [0x00000006c1e00000, 0x00000006e3700000, 0x000000076b500000)
  object space 549888K, 70% used [0x00000006c1e00000,0x00000006d9a08368,0x00000006e3700000)
 Metaspace       used 29446K, capacity 29876K, committed 29952K, reserved 1075200K
  class space    used 3946K, capacity 4092K, committed 4096K, reserved 1048576K
}
Event: 2614.311 GC heap before
{Heap before GC invocations=937 (full 3):
 PSYoungGen      total 1360896K, used 1360544K [0x000000076b500000, 0x00000007bfe80000, 0x00000007c0000000)
  eden space 1352704K, 100% used [0x000000076b500000,0x00000007bde00000,0x00000007bde00000)
  from space 8192K, 95% used [0x00000007bde00000,0x00000007be5a8000,0x00000007be600000)
  to   space 16384K, 0% used [0x00000007bee80000,0x00000007bee80000,0x00000007bfe80000)
 ParOldGen       total 549888K, used 389152K [0x00000006c1e00000, 0x00000006e3700000, 0x000000076b500000)
  object space 549888K, 70% used [0x00000006c1e00000,0x00000006d9a08368,0x00000006e3700000)
 Metaspace       used 29446K, capacity 29876K, committed 29952K, reserved 1075200K
  class space    used 3946K, capacity 4092K, committed 4096K, reserved 1048576K
Event: 2614.315 GC heap after
Heap after GC invocations=937 (full 3):
 PSYoungGen      total 1369088K, used 12320K [0x000000076b500000, 0x00000007c0000000, 0x00000007c0000000)
  eden space 1352704K, 0% used [0x000000076b500000,0x000000076b500000,0x00000007bde00000)
  from space 16384K, 75% used [0x00000007bee80000,0x00000007bfa88000,0x00000007bfe80000)
  to   space 16896K, 0% used [0x00000007bde00000,0x00000007bde00000,0x00000007bee80000)
 ParOldGen       total 549888K, used 389152K [0x00000006c1e00000, 0x00000006e3700000, 0x000000076b500000)
  object space 549888K, 70% used [0x00000006c1e00000,0x00000006d9a08368,0x00000006e3700000)
 Metaspace       used 29446K, capacity 29876K, committed 29952K, reserved 1075200K
  class space    used 3946K, capacity 4092K, committed 4096K, reserved 1048576K
}
Event: 2617.483 GC heap before
{Heap before GC invocations=938 (full 3):
 PSYoungGen      total 1369088K, used 1365024K [0x000000076b500000, 0x00000007c0000000, 0x00000007c0000000)
  eden space 1352704K, 100% used [0x000000076b500000,0x00000007bde00000,0x00000007bde00000)
  from space 16384K, 75% used [0x00000007bee80000,0x00000007bfa88000,0x00000007bfe80000)
  to   space 16896K, 0% used [0x00000007bde00000,0x00000007bde00000,0x00000007bee80000)
 ParOldGen       total 549888K, used 389152K [0x00000006c1e00000, 0x00000006e3700000, 0x000000076b500000)
  object space 549888K, 70% used [0x00000006c1e00000,0x00000006d9a08368,0x00000006e3700000)
 Metaspace       used 29446K, capacity 29876K, committed 29952K, reserved 1075200K
  class space    used 3946K, capacity 4092K, committed 4096K, reserved 1048576K
Event: 2617.486 GC heap after
Heap after GC invocations=938 (full 3):
 PSYoungGen      total 1369600K, used 7808K [0x000000076b500000, 0x00000007bff80000, 0x00000007c0000000)
  eden space 1352704K, 0% used [0x000000076b500000,0x000000076b500000,0x00000007bde00000)
  from space 16896K, 46% used [0x00000007bde00000,0x00000007be5a0000,0x00000007bee80000)
  to   space 16384K, 0% used [0x00000007bef80000,0x00000007bef80000,0x00000007bff80000)
 ParOldGen       total 549888K, used 389152K [0x00000006c1e00000, 0x00000006e3700000, 0x000000076b500000)
  object space 549888K, 70% used [0x00000006c1e00000,0x00000006d9a08368,0x00000006e3700000)
 Metaspace       used 29446K, capacity 29876K, committed 29952K, reserved 1075200K
  class space    used 3946K, capacity 4092K, committed 4096K, reserved 1048576K
}

